Sat Oct 21 14:25:48 IST 2017 : Apache Derby Network Server - 10.10.2.0 - (1582446) started and ready to accept connections on port 1527
----------------------------------------------------------------
Sat Oct 21 14:25:53 IST 2017:
Booting Derby version The Apache Software Foundation - Apache Derby - 10.10.2.0 - (1582446): instance a816c00e-015f-3e25-1272-fffff9b86cda 
on database directory /Users/siddharthachoudhary/Desktop/innovative project/ntebnea/ShelfStockers/sstockers with class loader sun.misc.Launcher$AppClassLoader@66d3c617 
Loaded from file:/Applications/NetBeans/glassfish-4.1.1/javadb/lib/derby.jar
java.vendor=Oracle Corporation
java.runtime.version=1.8.0_111-b14
user.dir=/Applications/NetBeans/glassfish-4.1.1/javadb
os.name=Mac OS X
os.arch=x86_64
os.version=10.12.6
derby.system.home=/Users/siddharthachoudhary/Desktop/innovative project/ntebnea/ShelfStockers
Database Class Loader started - derby.database.classpath=''
----------------------------------------------------------------
Sat Oct 21 14:26:01 IST 2017:
Shutting down instance a816c00e-015f-3e25-1272-fffff9b86cda on database directory /Users/siddharthachoudhary/Desktop/innovative project/ntebnea/ShelfStockers/sstockers with class loader sun.misc.Launcher$AppClassLoader@66d3c617 
Sat Oct 21 14:26:01 IST 2017 Thread[DRDAConnThread_2,5,main] (DATABASE = sstockers), (DRDAID = {2}), Database 'sstockers' shutdown.
----------------------------------------------------------------
Sat Oct 21 14:26:13 IST 2017:
Booting Derby version The Apache Software Foundation - Apache Derby - 10.10.2.0 - (1582446): instance 560740aa-015f-3e25-1272-fffff9b86cda 
on database directory /Users/siddharthachoudhary/Desktop/innovative project/ntebnea/ShelfStockers/sstockers with class loader sun.misc.Launcher$AppClassLoader@66d3c617 
Loaded from file:/Applications/NetBeans/glassfish-4.1.1/javadb/lib/derby.jar
java.vendor=Oracle Corporation
java.runtime.version=1.8.0_111-b14
user.dir=/Applications/NetBeans/glassfish-4.1.1/javadb
os.name=Mac OS X
os.arch=x86_64
os.version=10.12.6
derby.system.home=/Users/siddharthachoudhary/Desktop/innovative project/ntebnea/ShelfStockers
Database Class Loader started - derby.database.classpath=''
